-------------------------------------------------------------------------------
Test set: mts.srb.WfmReportingApplicationTests
-------------------------------------------------------------------------------
Tests run: 1, Failures: 0, Errors: 1, Skipped: 0, Time elapsed: 1.134 s <<< FAILURE! - in mts.srb.WfmReportingApplicationTests
mts.srb.WfmReportingApplicationTests  Time elapsed: 1.131 s  <<< ERROR!
java.lang.IllegalStateException: Unable to find a @SpringBootConfiguration, you need to use @ContextConfiguration or @SpringBootTest(classes=...) with your test

