<?xml version="1.0" encoding="UTF-8"?>
<testsuite xmlns:xsi="http://www.w3.org/2001/XMLSchema-instance" xsi:noNamespaceSchemaLocation="https://maven.apache.org/surefire/maven-surefire-plugin/xsd/surefire-test-report.xsd" name="mts.srb.WfmReportingApplicationTests" time="1.134" tests="1" errors="1" skipped="0" failures="0">
  <properties>
[...]
</properties>
  <testcase name="mts.srb.WfmReportingApplicationTests" classname="mts.srb.WfmReportingApplicationTests" time="1.131">
    <error message="Unable to find a @SpringBootConfiguration, you need to use @ContextConfiguration or @SpringBootTest(classes=...) with your test" type="java.lang.IllegalStateException">java.lang.IllegalStateException: Unable to find a @SpringBootConfiguration, you need to use @ContextConfiguration or @SpringBootTest(classes=...) with your test
</error>
    <system-out><![CDATA[2022-06-22 12:21:02.618 : [&amp#27;[32mINFO&amp#27;[m] : org.springframework.boot.test.context.SpringBootTestContextBootstrapper:305 : Neither @ContextConfiguration nor @ContextHierarchy found for test class [mts.srb.WfmReportingApplicationTests], using SpringBootContextLoader
2022-06-22 12:21:02.635 : [&amp#27;[32mINFO&amp#27;[m] : org.springframework.test.context.support.AbstractContextLoader:264 : Could not detect default resource locations for test class [mts.srb.WfmReportingApplicationTests]: no resource found for suffixes {-context.xml, Context.groovy}.
2022-06-22 12:21:02.637 : [&amp#27;[32mINFO&amp#27;[m] : org.springframework.test.context.support.AnnotationConfigContextLoaderUtils:83 : Could not detect default configuration classes for test class [mts.srb.WfmReportingApplicationTests]: WfmReportingApplicationTests does not declare any static, non-private, non-final, nested classes annotated with @Configuration.
]]></system-out>
  </testcase>
</testsuite>